<?xml version="1.0" encoding="UTF-8"?>
<testng-results ignored="0" total="2" passed="2" failed="0" skipped="0">
  <reporter-output>
  </reporter-output>
  <suite started-at="2020-05-19T20:22:53 EDT" name="smoke test" finished-at="2020-05-19T20:23:43 EDT" duration-ms="50236">
    <groups>
    </groups>
    <test started-at="2020-05-19T20:22:53 EDT" name="annotation test" finished-at="2020-05-19T20:23:43 EDT" duration-ms="50236">
      <class name="testNGTest.LogInTest">
        <test-method signature="veryifyLogIn()[pri:0, instance:testNGTest.LogInTest@6b26e945]" started-at="2020-05-19T20:22:53 EDT" name="veryifyLogIn" finished-at="2020-05-19T20:23:19 EDT" duration-ms="26245" status="PASS">
          <reporter-output>
          </reporter-output>
        </test-method> <!-- veryifyLogIn -->
      </class> <!-- testNGTest.LogInTest -->
      <class name="testNGTest.LogOutTest">
        <test-method signature="veryifyLogOut()[pri:0, instance:testNGTest.LogOutTest@63a65a25]" started-at="2020-05-19T20:23:20 EDT" name="veryifyLogOut" finished-at="2020-05-19T20:23:43 EDT" duration-ms="23904" status="PASS">
          <reporter-output>
          </reporter-output>
        </test-method> <!-- veryifyLogOut -->
      </class> <!-- testNGTest.LogOutTest -->
    </test> <!-- annotation test -->
  </suite> <!-- smoke test -->
</testng-results>
