<?xml version="1.0" encoding="UTF-8"?>
<testng-results ignored="0" total="1" passed="1" failed="0" skipped="0">
  <reporter-output>
  </reporter-output>
  <suite started-at="2020-05-18T21:07:42 EDT" name="Default suite" finished-at="2020-05-18T21:08:07 EDT" duration-ms="25280">
    <groups>
    </groups>
    <test started-at="2020-05-18T21:07:42 EDT" name="Default test" finished-at="2020-05-18T21:08:07 EDT" duration-ms="25280">
      <class name="testNGTest.LogOutTest">
        <test-method signature="veryifyLogOut()[pri:0, instance:testNGTest.LogOutTest@25d250c6]" started-at="2020-05-18T21:07:42 EDT" name="veryifyLogOut" finished-at="2020-05-18T21:08:07 EDT" duration-ms="25221" status="PASS">
          <reporter-output>
          </reporter-output>
        </test-method> <!-- veryifyLogOut -->
      </class> <!-- testNGTest.LogOutTest -->
    </test> <!-- Default test -->
  </suite> <!-- Default suite -->
</testng-results>
